[0m19:52:51.337263 [debug] [MainThread]: Sending event: {'category': 'dbt', 'action': 'invocation', 'label': 'start', 'context': [<snowplow_tracker.self_describing_json.SelfDescribingJson object at 0x00000177456B48C0>, <snowplow_tracker.self_describing_json.SelfDescribingJson object at 0x00000177456B45F0>, <snowplow_tracker.self_describing_json.SelfDescribingJson object at 0x00000177456B7B60>]}


============================== 19:52:51.345538 | 240425cc-cfc4-4087-a3ec-155791addaed ==============================
[0m19:52:51.345538 [info ] [MainThread]: Running with dbt=1.7.19
[0m19:52:51.345538 [debug] [MainThread]: running dbt with arguments {'printer_width': '80', 'indirect_selection': 'eager', 'write_json': 'True', 'log_cache_events': 'False', 'partial_parse': 'True', 'cache_selected_only': 'False', 'profiles_dir': 'C:\\Users\\juanr\\.dbt', 'debug': 'False', 'version_check': 'True', 'log_path': 'logs', 'warn_error': 'None', 'fail_fast': 'False', 'use_colors': 'True', 'use_experimental_parser': 'False', 'no_print': 'None', 'quiet': 'False', 'warn_error_options': 'WarnErrorOptions(include=[], exclude=[])', 'static_parser': 'True', 'introspect': 'True', 'invocation_command': 'dbt init crm_pipeline', 'target_path': 'None', 'log_format': 'default', 'send_anonymous_usage_stats': 'True'}
[0m19:52:51.347650 [warn ] [MainThread]: [ConfigFolderDirectory]: Unable to parse dict {'dir': WindowsPath('C:/Users/juanr/.dbt')}
[0m19:52:51.347650 [info ] [MainThread]: Creating dbt configuration folder at 
[0m19:52:51.349984 [debug] [MainThread]: Starter project path: C:\Users\juanr\AppData\Local\Programs\Python\Python312\Lib\site-packages\dbt\include\starter_project
[0m19:52:51.365158 [info ] [MainThread]: 
Your new dbt project "crm_pipeline" was created!

For more information on how to configure the profiles.yml file,
please consult the dbt documentation here:

  https://docs.getdbt.com/docs/configure-your-profile

One more thing:

Need help? Don't hesitate to reach out to us via GitHub issues or on Slack:

  https://community.getdbt.com/

Happy modeling!

[0m19:52:51.366267 [info ] [MainThread]: Setting up your profile.
[0m19:53:13.294109 [info ] [MainThread]: Profile crm_pipeline written to C:\Users\juanr\.dbt\profiles.yml using target's sample configuration. Once updated, you'll be able to start developing with dbt.
[0m19:53:13.296017 [debug] [MainThread]: Command `dbt init` succeeded at 19:53:13.295047 after 22.06 seconds
[0m19:53:13.296017 [debug] [MainThread]: Sending event: {'category': 'dbt', 'action': 'invocation', 'label': 'end', 'context': [<snowplow_tracker.self_describing_json.SelfDescribingJson object at 0x00000177450F55B0>, <snowplow_tracker.self_describing_json.SelfDescribingJson object at 0x000001774526D610>, <snowplow_tracker.self_describing_json.SelfDescribingJson object at 0x00000177456EB950>]}
[0m19:53:13.296017 [debug] [MainThread]: Flushing usage events
